[20:49:22:031] [WARN] - org.apache.shiro.authc.AbstractAuthenticator.authenticate(AbstractAuthenticator.java:216) - Authentication failed for token submission [org.apache.shiro.authc.UsernamePasswordToken - zhang, rememberMe=false].  Possible unexpected error? (Typical or expected login exceptions should extend from AuthenticationException).
java.lang.ClassCastException: [C cannot be cast to java.lang.String
	at com.wangdh.shiro.realm.MyRealm1.getAuthenticationInfo(MyRealm1.java:37) ~[test-classes/:?]
	at org.apache.shiro.authc.pam.ModularRealmAuthenticator.doSingleRealmAuthentication(ModularRealmAuthenticator.java:180) ~[shiro-core-1.3.2.jar:1.3.2]
	at org.apache.shiro.authc.pam.ModularRealmAuthenticator.doAuthenticate(ModularRealmAuthenticator.java:267) ~[shiro-core-1.3.2.jar:1.3.2]
	at org.apache.shiro.authc.AbstractAuthenticator.authenticate(AbstractAuthenticator.java:198) [shiro-core-1.3.2.jar:1.3.2]
	at org.apache.shiro.mgt.AuthenticatingSecurityManager.authenticate(AuthenticatingSecurityManager.java:106) [shiro-core-1.3.2.jar:1.3.2]
	at org.apache.shiro.mgt.DefaultSecurityManager.login(DefaultSecurityManager.java:270) [shiro-core-1.3.2.jar:1.3.2]
	at org.apache.shiro.subject.support.DelegatingSubject.login(DelegatingSubject.java:256) [shiro-core-1.3.2.jar:1.3.2]
	at com.wangdh.shiro.demo.ShiroTest.testMyRealm1(ShiroTest.java:63) [test-classes/:?]
	at sun.reflect.NativeMethodAccessorImpl.invoke0(Native Method) ~[?:1.8.0_102]
	at sun.reflect.NativeMethodAccessorImpl.invoke(NativeMethodAccessorImpl.java:62) ~[?:1.8.0_102]
	at sun.reflect.DelegatingMethodAccessorImpl.invoke(DelegatingMethodAccessorImpl.java:43) ~[?:1.8.0_102]
	at java.lang.reflect.Method.invoke(Method.java:498) ~[?:1.8.0_102]
	at org.junit.runners.model.FrameworkMethod$1.runReflectiveCall(FrameworkMethod.java:44) [junit-4.9.jar:?]
	at org.junit.internal.runners.model.ReflectiveCallable.run(ReflectiveCallable.java:15) [junit-4.9.jar:?]
	at org.junit.runners.model.FrameworkMethod.invokeExplosively(FrameworkMethod.java:41) [junit-4.9.jar:?]
	at org.junit.internal.runners.statements.InvokeMethod.evaluate(InvokeMethod.java:20) [junit-4.9.jar:?]
	at org.junit.runners.ParentRunner.runLeaf(ParentRunner.java:263) [junit-4.9.jar:?]
	at org.junit.runners.BlockJUnit4ClassRunner.runChild(BlockJUnit4ClassRunner.java:69) [junit-4.9.jar:?]
	at org.junit.runners.BlockJUnit4ClassRunner.runChild(BlockJUnit4ClassRunner.java:48) [junit-4.9.jar:?]
	at org.junit.runners.ParentRunner$3.run(ParentRunner.java:231) [junit-4.9.jar:?]
	at org.junit.runners.ParentRunner$1.schedule(ParentRunner.java:60) [junit-4.9.jar:?]
	at org.junit.runners.ParentRunner.runChildren(ParentRunner.java:229) [junit-4.9.jar:?]
	at org.junit.runners.ParentRunner.access$000(ParentRunner.java:50) [junit-4.9.jar:?]
	at org.junit.runners.ParentRunner$2.evaluate(ParentRunner.java:222) [junit-4.9.jar:?]
	at org.junit.runners.ParentRunner.run(ParentRunner.java:292) [junit-4.9.jar:?]
	at org.eclipse.jdt.internal.junit4.runner.JUnit4TestReference.run(JUnit4TestReference.java:86) [.cp/:?]
	at org.eclipse.jdt.internal.junit.runner.TestExecution.run(TestExecution.java:38) [.cp/:?]
	at org.eclipse.jdt.internal.junit.runner.RemoteTestRunner.runTests(RemoteTestRunner.java:459) [.cp/:?]
	at org.eclipse.jdt.internal.junit.runner.RemoteTestRunner.runTests(RemoteTestRunner.java:678) [.cp/:?]
	at org.eclipse.jdt.internal.junit.runner.RemoteTestRunner.run(RemoteTestRunner.java:382) [.cp/:?]
	at org.eclipse.jdt.internal.junit.runner.RemoteTestRunner.main(RemoteTestRunner.java:192) [.cp/:?]
